remodik (remod3) | 2024-12-06 19:31:03 | ..da
remodik (remod3) | 2024-12-06 19:31:01 | ..da
remodik (remod3) | 2024-12-06 19:30:58 | ..da
remodik (remod3) | 2024-12-06 19:30:52 | ..da
remodik (remod3) | 2024-12-06 19:30:28 | ..da
remodik (remod3) | 2024-12-06 19:27:00 | ..da
remod3Bot#3819 | 2024-12-06 19:26:57 | 
remod3Bot#3819 | 2024-12-05 21:36:02 | В сообщении 35.90% капса
Ваш текст: `Скупаю:
Нарост  (2 Дабла)
Бутильки с Водой (10 Даблов)

Светокаменая Пыль ( 3 дабла )
ОЧЕНЬ ДОРОГО!!!!!!!!!!
ПИСАТЬ В ЛС`
remod3Bot#3819 | 2024-12-05 20:54:48 | 
remod3Bot#3819 | 2024-12-04 11:14:23 | <@743864658951274528>
remod3Bot#3819 | 2024-12-04 11:14:23 | <@743864658951274528>
remod3Bot#3819 | 2024-12-04 11:14:17 | <@743864658951274528>
remod3Bot#3819 | 2024-12-04 11:14:16 | <@743864658951274528>
remod3Bot#3819 | 2024-12-04 11:14:15 | <@743864658951274528><@743864658951274528><@743864658951274528><@743864658951274528><@743864658951274528>
remod3Bot#3819 | 2024-12-04 11:14:15 | <@743864658951274528>
remod3Bot#3819 | 2024-12-04 11:14:14 | <@743864658951274528>
remod3Bot#3819 | 2024-12-04 11:14:14 | <@743864658951274528>
remod3Bot#3819 | 2024-12-04 11:14:14 | <@743864658951274528>
remod3Bot#3819 | 2024-12-04 11:14:14 | <@743864658951274528>
remod3Bot#3819 | 2024-12-04 11:14:13 | <@743864658951274528>
remod3Bot#3819 | 2024-12-04 11:14:07 | <@743864658951274528>
remod3Bot#3819 | 2024-12-04 11:14:07 | <@743864658951274528>
remod3Bot#3819 | 2024-12-04 11:14:07 | <@743864658951274528>
remod3Bot#3819 | 2024-12-04 11:14:06 | <@743864658951274528>
remod3Bot#3819 | 2024-12-04 11:14:06 | <@743864658951274528>
remod3Bot#3819 | 2024-12-04 11:14:05 | <@743864658951274528>
remod3Bot#3819 | 2024-12-04 11:14:05 | пв
ва
remod3Bot#3819 | 2024-12-04 11:14:00 | ва
remod3Bot#3819 | 2024-12-04 11:13:59 | вап
remod3Bot#3819 | 2024-12-04 11:13:59 | пва
ап
remod3Bot#3819 | 2024-12-04 11:13:59 | ва
remod3Bot#3819 | 2024-12-04 11:13:58 | вап
remod3Bot#3819 | 2024-12-04 11:13:58 | вап
remod3Bot#3819 | 2024-12-04 11:13:52 | п
remod3Bot#3819 | 2024-12-04 11:13:52 | кпыва
remod3Bot#3819 | 2024-12-04 11:13:51 | уы
remod3Bot#3819 | 2024-12-04 11:13:51 | п
remod3Bot#3819 | 2024-12-04 11:13:50 | пук
remod3Bot#3819 | 2024-12-04 11:13:50 | к
remod3Bot#3819 | 2024-12-04 11:13:49 | фка
remod3Bot#3819 | 2024-12-04 11:13:49 | цуа
remod3Bot#3819 | 2024-12-04 11:13:48 | соцтрушагциущшацъуа
remod3Bot#3819 | 2024-12-04 11:13:46 | туопйъ
remod3Bot#3819 | 2024-12-04 11:13:46 | Сын бляди
remodik (remod3) | 2024-12-04 11:12:45 | <@743864658951276528>
remodik (remod3) | 2024-12-04 11:12:22 | <@4397569346597365>
remod3Bot#3819 | 2024-12-04 11:12:09 | <@523943243256463>
remod3Bot#3819 | 2024-12-04 11:11:54 | ><
remod3Bot#3819 | 2024-12-04 11:11:41 | <@1>
remod3Bot#3819 | 2024-12-04 11:11:36 | ало хуесос
